<?xml version="1.0" encoding="UTF-8"?>
<!-- Generated by org.testng.reporters.JUnitXMLReporter -->
<testsuite ignored="0" hostname="DESKTOP-04AG9FN" failures="1" tests="13" name="Test" time="136.355" errors="0" timestamp="2025-03-23T18:37:53 IST">
  <testcase classname="testCases.TC001_AccountRegistrationTest" name="verify_account_registration" time="5.722"/>
  <testcase classname="testCases.TC002_LoginTest" name="Verify_login" time="2.532"/>
  <testcase classname="testCases.TC003_SearchItemTest" name="SearchItem" time="4.475"/>
  <testcase classname="testCases.TC004_AddtoCartTest" name="addToCart" time="4.52"/>
  <testcase classname="testCases.TC005_ViewShoppingCart" name="ViewCart" time="7.504"/>
  <testcase classname="testCases.TC006_CheckOutProcess" name="CheckOutProductInCart" time="18.328"/>
  <testcase classname="testCases.TC007_CheckingOrderHistory" name="CheckOrderHistory" time="8.575"/>
  <testcase classname="testCases.TC008_CheckUserLogout" name="CheckUserLogout" time="4.354"/>
  <testcase classname="testCases.TC009_OrderProduct_EndToEnd_testcase" name="verify_account_registration" time="14.182">
    <failure type="org.openqa.selenium.ElementClickInterceptedException" message="element click intercepted: Element is not clickable at point (1197, -54)
  (Session info: chrome=134.0.6998.118)
Build info: version: &amp;apos;4.24.0&amp;apos;, revision: &amp;apos;748ffc9bc3&amp;apos;
System info: os.name: &amp;apos;Windows 10&amp;apos;, os.arch: &amp;apos;amd64&amp;apos;, os.version: &amp;apos;10.0&amp;apos;, java.version: &amp;apos;17.0.11&amp;apos;
Driver info: org.openqa.selenium.chrome.ChromeDriver
Command: [bf2dfb596533f66f5c19afb8fa06c896, clickElement {id=f.69F0D3E472634E64FE95E44FCE6BE0DD.d.4F18DAAA59902AD18A29931639961BE5.e.197}]
Capabilities {acceptInsecureCerts: false, browserName: chrome, browserVersion: 134.0.6998.118, chrome: {chromedriverVersion: 134.0.6998.165 (fd886e2cb29..., userDataDir: C:\Users\dsand\AppData\Loca...}, fedcm:accounts: true, goog:chromeOptions: {debuggerAddress: localhost:50561}, networkConnectionEnabled: false, pageLoadStrategy: normal, platformName: windows, proxy: Proxy(), se:cdp: ws://localhost:50561/devtoo..., se:cdpVersion: 134.0.6998.118, setWindowRect: true, strictFileInteractability: false, timeouts: {implicit: 0, pageLoad: 300000, script: 30000}, unhandledPromptBehavior: dismiss and notify, webauthn:extension:credBlob: true, webauthn:extension:largeBlob: true, webauthn:extension:minPinLength: true, webauthn:extension:prf: true, webauthn:virtualAuthenticators: true}
Element: [[ChromeDriver: chrome on windows (bf2dfb596533f66f5c19afb8fa06c896)] -&amp;gt; xpath: //button[@id=&amp;apos;button-shipping-methods&amp;apos;]]
Session ID: bf2dfb596533f66f5c19afb8fa06c896">
      <![CDATA[org.openqa.selenium.ElementClickInterceptedException: element click intercepted: Element is not clickable at point (1197, -54)
  (Session info: chrome=134.0.6998.118)
Build info: version: '4.24.0', revision: '748ffc9bc3'
System info: os.name: 'Windows 10', os.arch: 'amd64', os.version: '10.0', java.version: '17.0.11'
Driver info: org.openqa.selenium.chrome.ChromeDriver
Command: [bf2dfb596533f66f5c19afb8fa06c896, clickElement {id=f.69F0D3E472634E64FE95E44FCE6BE0DD.d.4F18DAAA59902AD18A29931639961BE5.e.197}]
Capabilities {acceptInsecureCerts: false, browserName: chrome, browserVersion: 134.0.6998.118, chrome: {chromedriverVersion: 134.0.6998.165 (fd886e2cb29..., userDataDir: C:\Users\dsand\AppData\Loca...}, fedcm:accounts: true, goog:chromeOptions: {debuggerAddress: localhost:50561}, networkConnectionEnabled: false, pageLoadStrategy: normal, platformName: windows, proxy: Proxy(), se:cdp: ws://localhost:50561/devtoo..., se:cdpVersion: 134.0.6998.118, setWindowRect: true, strictFileInteractability: false, timeouts: {implicit: 0, pageLoad: 300000, script: 30000}, unhandledPromptBehavior: dismiss and notify, webauthn:extension:credBlob: true, webauthn:extension:largeBlob: true, webauthn:extension:minPinLength: true, webauthn:extension:prf: true, webauthn:virtualAuthenticators: true}
Element: [[ChromeDriver: chrome on windows (bf2dfb596533f66f5c19afb8fa06c896)] -> xpath: //button[@id='button-shipping-methods']]
Session ID: bf2dfb596533f66f5c19afb8fa06c896
at org.openqa.selenium.remote.ErrorCodec.decode(ErrorCodec.java:167)
at org.openqa.selenium.remote.codec.w3c.W3CHttpResponseCodec.decode(W3CHttpResponseCodec.java:138)
at org.openqa.selenium.remote.codec.w3c.W3CHttpResponseCodec.decode(W3CHttpResponseCodec.java:50)
at org.openqa.selenium.remote.HttpCommandExecutor.execute(HttpCommandExecutor.java:190)
at org.openqa.selenium.remote.service.DriverCommandExecutor.invokeExecute(DriverCommandExecutor.java:216)
at org.openqa.selenium.remote.service.DriverCommandExecutor.execute(DriverCommandExecutor.java:174)
at org.openqa.selenium.remote.RemoteWebDriver.execute(RemoteWebDriver.java:545)
at org.openqa.selenium.remote.RemoteWebElement.execute(RemoteWebElement.java:223)
at org.openqa.selenium.remote.RemoteWebElement.click(RemoteWebElement.java:76)
at org.openqa.selenium.support.pagefactory.internal.LocatingElementHandler.invoke(LocatingElementHandler.java:51)
at jdk.proxy2/jdk.proxy2.$Proxy19.click(Unknown Source)
at pageObjects.CheckoutPage.ClickShoppingMethodchoose(CheckoutPage.java:212)
at testCases.TC009_OrderProduct_EndToEnd_testcase.verify_account_registration(TC009_OrderProduct_EndToEnd_testcase.java:132)
at java.base/java.util.ArrayList.forEach(ArrayList.java:1511)
... Removed 35 stack frames]]>
    </failure>
  </testcase> <!-- verify_account_registration -->
  <testcase classname="testCases.TC010_LoginDDTest" name="Verify_loginDDT" time="3.268"/>
  <testcase classname="testCases.TC010_LoginDDTest" name="Verify_loginDDT" time="2.629"/>
  <testcase classname="testCases.TC010_LoginDDTest" name="Verify_loginDDT" time="3.084"/>
  <testcase classname="testCases.TC010_LoginDDTest" name="Verify_loginDDT" time="12.447"/>
</testsuite> <!-- Test -->
